<?xml version="1.0" encoding="UTF-8"?>
<!-- Generated by org.testng.reporters.JUnitReportReporter -->
<testsuite skipped="0" hostname="CPX-4QBXQ7D1T6Q" name="com.tests.NewTest6" tests="2" failures="0" timestamp="16 Apr 2018 00:13:30 GMT" time="0.015" errors="0">
  <testcase name="testGoogle" time="0.015" classname="com.tests.NewTest6"/>
  <testcase name="testHDFC" time="0.000" classname="com.tests.NewTest6"/>
</testsuite> <!-- com.tests.NewTest6 -->
