<?xml version="1.0" encoding="UTF-8"?>
<!-- Generated by org.testng.reporters.JUnitReportReporter -->
<testsuite hostname="CPX-5UCKMCA0IMV" failures="0" tests="3" name="com.tests.NewTest1" time="0.016" errors="0" timestamp="08 Oct 2019 16:04:13 GMT" skipped="0">
  <testcase classname="com.tests.NewTest1" name="f" time="0.012"/>
  <testcase classname="com.tests.NewTest1" name="abc" time="0.002"/>
  <testcase classname="com.tests.NewTest1" name="xyz" time="0.002"/>
</testsuite> <!-- com.tests.NewTest1 -->
