<?xml version="1.0" encoding="UTF-8"?>
<!-- Generated by org.testng.reporters.JUnitReportReporter -->
<testsuite hostname="CPX-5UCKMCA0IMV" failures="0" tests="2" name="com.tests.NewTest6" time="0.019" errors="0" timestamp="08 Oct 2019 16:07:44 GMT" skipped="0">
  <testcase classname="com.tests.NewTest6" name="testHDFC" time="0.004"/>
  <testcase classname="com.tests.NewTest6" name="testGoogle" time="0.015"/>
</testsuite> <!-- com.tests.NewTest6 -->
