<?xml version="1.0" encoding="UTF-8"?>
<!-- Generated by org.testng.reporters.JUnitReportReporter -->
<testsuite skipped="1" hostname="CPX-4QBXQ7D1T6Q" name="com.tests.NewTest2" tests="1" failures="0" timestamp="15 Apr 2018 23:11:25 GMT" time="0.000" errors="0">
  <testcase name="testGoogle" time="0.000" classname="com.tests.NewTest2">
    <skipped/>
  </testcase> <!-- testGoogle -->
</testsuite> <!-- com.tests.NewTest2 -->
