<?xml version="1.0" encoding="UTF-8"?>
<!-- Generated by org.testng.reporters.JUnitReportReporter -->
<testsuite skipped="0" hostname="CPX-4QBXQ7D1T6Q" name="com.tests.NewTest5" tests="4" failures="0" timestamp="16 Apr 2018 05:52:05 GMT" time="16.807" errors="0">
  <testcase name="testGoogle" time="2.858" classname="com.tests.NewTest5"/>
  <testcase name="testNewTours" time="2.783" classname="com.tests.NewTest5"/>
  <testcase name="testGoogle" time="6.395" classname="com.tests.NewTest5"/>
  <testcase name="testNewTours" time="4.771" classname="com.tests.NewTest5"/>
</testsuite> <!-- com.tests.NewTest5 -->
