<?xml version="1.0" encoding="UTF-8"?>
<!-- Generated by org.testng.reporters.JUnitReportReporter -->
<testsuite hostname="CPX-5UCKMCA0IMV" failures="0" tests="3" name="com.tests.NewTest3" time="8.219" errors="0" timestamp="08 Oct 2019 17:28:40 GMT" skipped="0">
  <testcase classname="com.tests.NewTest3" name="testMercuryTours" time="1.327"/>
  <testcase classname="com.tests.NewTest3" name="testMercuryTours" time="1.416"/>
  <testcase classname="com.tests.NewTest3" name="testMercuryTours" time="5.476"/>
</testsuite> <!-- com.tests.NewTest3 -->
