<?xml version="1.0" encoding="UTF-8"?>
<!-- Generated by org.testng.reporters.JUnitReportReporter -->
<testsuite skipped="0" hostname="CPX-4QBXQ7D1T6Q" name="com.tests.NewTest1" tests="3" failures="0" timestamp="16 Apr 2018 05:52:05 GMT" time="0.006" errors="0">
  <testcase name="f" time="0.002" classname="com.tests.NewTest1"/>
  <testcase name="abc" time="0.002" classname="com.tests.NewTest1"/>
  <testcase name="xyz" time="0.002" classname="com.tests.NewTest1"/>
</testsuite> <!-- com.tests.NewTest1 -->
