<?xml version="1.0" encoding="UTF-8"?>
<!-- Generated by org.testng.reporters.JUnitReportReporter -->
<testsuite skipped="0" hostname="CPX-4QBXQ7D1T6Q" name="com.tests.MercuryToursTest" tests="1" failures="0" timestamp="16 Apr 2018 05:52:05 GMT" time="21.952" errors="0">
  <testcase name="testMercuryTours" time="21.952" classname="com.tests.MercuryToursTest"/>
</testsuite> <!-- com.tests.MercuryToursTest -->
