<?xml version="1.0" encoding="UTF-8"?>
<!-- Generated by org.testng.reporters.JUnitReportReporter -->
<testsuite skipped="0" hostname="CPX-4QBXQ7D1T6Q" name="com.tests.NewTest3" tests="3" failures="0" timestamp="16 Apr 2018 05:52:05 GMT" time="22.172" errors="0">
  <testcase name="testMercuryTours" time="17.350" classname="com.tests.NewTest3"/>
  <testcase name="testMercuryTours" time="2.260" classname="com.tests.NewTest3"/>
  <testcase name="testMercuryTours" time="2.562" classname="com.tests.NewTest3"/>
</testsuite> <!-- com.tests.NewTest3 -->
